<?xml version="1.0" encoding="UTF-8"?>
<testsuite xmlns:xsi="http://www.w3.org/2001/XMLSchema-instance" xsi:noNamespaceSchemaLocation="https://maven.apache.org/surefire/maven-surefire-plugin/xsd/surefire-test-report.xsd" name="tests.RunnerTest" time="7.214" tests="4" errors="0" skipped="0" failures="0">
  <properties>
    <property name="java.specification.version" value="17"/>
    <property name="sun.cpu.isalist" value="amd64"/>
    <property name="sun.jnu.encoding" value="Cp1252"/>
    <property name="java.class.path" value="C:\Cursos\Java\APISeuBarriga\target\test-classes;C:\Cursos\Java\APISeuBarriga\target\classes;C:\Users\leonardo.padovani\.m2\repository\junit\junit\4.11\junit-4.11.jar;C:\Users\leonardo.padovani\.m2\repository\org\hamcrest\hamcrest-core\1.3\hamcrest-core-1.3.jar;C:\Users\leonardo.padovani\.m2\repository\io\rest-assured\rest-assured\4.5.1\rest-assured-4.5.1.jar;C:\Users\leonardo.padovani\.m2\repository\org\codehaus\groovy\groovy\3.0.9\groovy-3.0.9.jar;C:\Users\leonardo.padovani\.m2\repository\org\codehaus\groovy\groovy-xml\3.0.9\groovy-xml-3.0.9.jar;C:\Users\leonardo.padovani\.m2\repository\org\apache\httpcomponents\httpclient\4.5.13\httpclient-4.5.13.jar;C:\Users\leonardo.padovani\.m2\repository\org\apache\httpcomponents\httpcore\4.4.13\httpcore-4.4.13.jar;C:\Users\leonardo.padovani\.m2\repository\commons-logging\commons-logging\1.2\commons-logging-1.2.jar;C:\Users\leonardo.padovani\.m2\repository\commons-codec\commons-codec\1.11\commons-codec-1.11.jar;C:\Users\leonardo.padovani\.m2\repository\org\apache\httpcomponents\httpmime\4.5.13\httpmime-4.5.13.jar;C:\Users\leonardo.padovani\.m2\repository\org\hamcrest\hamcrest\2.1\hamcrest-2.1.jar;C:\Users\leonardo.padovani\.m2\repository\org\ccil\cowan\tagsoup\tagsoup\1.2.1\tagsoup-1.2.1.jar;C:\Users\leonardo.padovani\.m2\repository\io\rest-assured\json-path\4.5.1\json-path-4.5.1.jar;C:\Users\leonardo.padovani\.m2\repository\org\codehaus\groovy\groovy-json\3.0.9\groovy-json-3.0.9.jar;C:\Users\leonardo.padovani\.m2\repository\io\rest-assured\rest-assured-common\4.5.1\rest-assured-common-4.5.1.jar;C:\Users\leonardo.padovani\.m2\repository\io\rest-assured\xml-path\4.5.1\xml-path-4.5.1.jar;C:\Users\leonardo.padovani\.m2\repository\org\apache\commons\commons-lang3\3.11\commons-lang3-3.11.jar;C:\Users\leonardo.padovani\.m2\repository\io\rest-assured\json-schema-validator\4.5.1\json-schema-validator-4.5.1.jar;C:\Users\leonardo.padovani\.m2\repository\com\github\java-json-tools\json-schema-validator\2.2.14\json-schema-validator-2.2.14.jar;C:\Users\leonardo.padovani\.m2\repository\com\google\guava\guava\28.2-android\guava-28.2-android.jar;C:\Users\leonardo.padovani\.m2\repository\com\google\guava\failureaccess\1.0.1\failureaccess-1.0.1.jar;C:\Users\leonardo.padovani\.m2\repository\com\google\guava\listenablefuture\9999.0-empty-to-avoid-conflict-with-guava\listenablefuture-9999.0-empty-to-avoid-conflict-with-guava.jar;C:\Users\leonardo.padovani\.m2\repository\org\checkerframework\checker-compat-qual\2.5.5\checker-compat-qual-2.5.5.jar;C:\Users\leonardo.padovani\.m2\repository\com\google\errorprone\error_prone_annotations\2.3.4\error_prone_annotations-2.3.4.jar;C:\Users\leonardo.padovani\.m2\repository\com\google\j2objc\j2objc-annotations\1.3\j2objc-annotations-1.3.jar;C:\Users\leonardo.padovani\.m2\repository\com\github\java-json-tools\jackson-coreutils-equivalence\1.0\jackson-coreutils-equivalence-1.0.jar;C:\Users\leonardo.padovani\.m2\repository\com\github\java-json-tools\jackson-coreutils\2.0\jackson-coreutils-2.0.jar;C:\Users\leonardo.padovani\.m2\repository\com\github\java-json-tools\msg-simple\1.2\msg-simple-1.2.jar;C:\Users\leonardo.padovani\.m2\repository\com\github\java-json-tools\btf\1.3\btf-1.3.jar;C:\Users\leonardo.padovani\.m2\repository\com\github\java-json-tools\json-schema-core\1.2.14\json-schema-core-1.2.14.jar;C:\Users\leonardo.padovani\.m2\repository\com\github\java-json-tools\uri-template\0.10\uri-template-0.10.jar;C:\Users\leonardo.padovani\.m2\repository\org\mozilla\rhino\1.7.7.2\rhino-1.7.7.2.jar;C:\Users\leonardo.padovani\.m2\repository\com\sun\mail\mailapi\1.6.2\mailapi-1.6.2.jar;C:\Users\leonardo.padovani\.m2\repository\joda-time\joda-time\2.10.5\joda-time-2.10.5.jar;C:\Users\leonardo.padovani\.m2\repository\com\googlecode\libphonenumber\libphonenumber\8.11.1\libphonenumber-8.11.1.jar;C:\Users\leonardo.padovani\.m2\repository\com\google\code\findbugs\jsr305\3.0.2\jsr305-3.0.2.jar;C:\Users\leonardo.padovani\.m2\repository\net\sf\jopt-simple\jopt-simple\5.0.4\jopt-simple-5.0.4.jar;C:\Users\leonardo.padovani\.m2\repository\com\fasterxml\jackson\core\jackson-databind\2.13.4.1\jackson-databind-2.13.4.1.jar;C:\Users\leonardo.padovani\.m2\repository\com\fasterxml\jackson\core\jackson-annotations\2.13.4\jackson-annotations-2.13.4.jar;C:\Users\leonardo.padovani\.m2\repository\com\fasterxml\jackson\core\jackson-core\2.13.4\jackson-core-2.13.4.jar;C:\Users\leonardo.padovani\.m2\repository\com\google\code\gson\gson\2.9.0\gson-2.9.0.jar;C:\Users\leonardo.padovani\.m2\repository\org\aeonbits\owner\owner\1.0.12\owner-1.0.12.jar;C:\Users\leonardo.padovani\.m2\repository\io\cucumber\cucumber-java\7.9.0\cucumber-java-7.9.0.jar;C:\Users\leonardo.padovani\.m2\repository\io\cucumber\cucumber-core\7.9.0\cucumber-core-7.9.0.jar;C:\Users\leonardo.padovani\.m2\repository\io\cucumber\cucumber-gherkin\7.9.0\cucumber-gherkin-7.9.0.jar;C:\Users\leonardo.padovani\.m2\repository\io\cucumber\cucumber-gherkin-messages\7.9.0\cucumber-gherkin-messages-7.9.0.jar;C:\Users\leonardo.padovani\.m2\repository\io\cucumber\gherkin\24.1.0\gherkin-24.1.0.jar;C:\Users\leonardo.padovani\.m2\repository\io\cucumber\messages\19.1.4\messages-19.1.4.jar;C:\Users\leonardo.padovani\.m2\repository\io\cucumber\tag-expressions\4.1.0\tag-expressions-4.1.0.jar;C:\Users\leonardo.padovani\.m2\repository\io\cucumber\cucumber-expressions\16.0.0\cucumber-expressions-16.0.0.jar;C:\Users\leonardo.padovani\.m2\repository\io\cucumber\datatable\7.9.0\datatable-7.9.0.jar;C:\Users\leonardo.padovani\.m2\repository\io\cucumber\cucumber-plugin\7.9.0\cucumber-plugin-7.9.0.jar;C:\Users\leonardo.padovani\.m2\repository\io\cucumber\docstring\7.9.0\docstring-7.9.0.jar;C:\Users\leonardo.padovani\.m2\repository\io\cucumber\html-formatter\20.1.0\html-formatter-20.1.0.jar;C:\Users\leonardo.padovani\.m2\repository\io\cucumber\ci-environment\9.1.0\ci-environment-9.1.0.jar;C:\Users\leonardo.padovani\.m2\repository\org\apiguardian\apiguardian-api\1.1.2\apiguardian-api-1.1.2.jar;C:\Users\leonardo.padovani\.m2\repository\io\cucumber\cucumber-junit\7.9.0\cucumber-junit-7.9.0.jar;C:\Users\leonardo.padovani\.m2\repository\io\qameta\allure\allure-cucumber-jvm\2.20.1\allure-cucumber-jvm-2.20.1.jar;C:\Users\leonardo.padovani\.m2\repository\io\qameta\allure\allure-java-commons\2.20.1\allure-java-commons-2.20.1.jar;C:\Users\leonardo.padovani\.m2\repository\org\slf4j\slf4j-api\1.7.36\slf4j-api-1.7.36.jar;C:\Users\leonardo.padovani\.m2\repository\io\qameta\allure\allure-model\2.20.1\allure-model-2.20.1.jar;C:\Users\leonardo.padovani\.m2\repository\info\cukes\gherkin\2.12.2\gherkin-2.12.2.jar;"/>
    <property name="java.vm.vendor" value="Oracle Corporation"/>
    <property name="sun.arch.data.model" value="64"/>
    <property name="user.variant" value=""/>
    <property name="java.vendor.url" value="https://java.oracle.com/"/>
    <property name="user.timezone" value="America/Sao_Paulo"/>
    <property name="os.name" value="Windows 10"/>
    <property name="java.vm.specification.version" value="17"/>
    <property name="sun.java.launcher" value="SUN_STANDARD"/>
    <property name="user.country" value="BR"/>
    <property name="sun.boot.library.path" value="C:\Program Files\Java\jdk-17.0.3.1\bin"/>
    <property name="sun.java.command" value="C:\Users\LEONAR~1.PAD\AppData\Local\Temp\surefire4277213183782745344\surefirebooter9871247458931710231.jar C:\Users\leonardo.padovani\AppData\Local\Temp\surefire4277213183782745344 2022-12-01T14-19-06_643-jvmRun1 surefire16881132126575553190tmp surefire_05283384003131924759tmp"/>
    <property name="jdk.debug" value="release"/>
    <property name="surefire.test.class.path" value="C:\Cursos\Java\APISeuBarriga\target\test-classes;C:\Cursos\Java\APISeuBarriga\target\classes;C:\Users\leonardo.padovani\.m2\repository\junit\junit\4.11\junit-4.11.jar;C:\Users\leonardo.padovani\.m2\repository\org\hamcrest\hamcrest-core\1.3\hamcrest-core-1.3.jar;C:\Users\leonardo.padovani\.m2\repository\io\rest-assured\rest-assured\4.5.1\rest-assured-4.5.1.jar;C:\Users\leonardo.padovani\.m2\repository\org\codehaus\groovy\groovy\3.0.9\groovy-3.0.9.jar;C:\Users\leonardo.padovani\.m2\repository\org\codehaus\groovy\groovy-xml\3.0.9\groovy-xml-3.0.9.jar;C:\Users\leonardo.padovani\.m2\repository\org\apache\httpcomponents\httpclient\4.5.13\httpclient-4.5.13.jar;C:\Users\leonardo.padovani\.m2\repository\org\apache\httpcomponents\httpcore\4.4.13\httpcore-4.4.13.jar;C:\Users\leonardo.padovani\.m2\repository\commons-logging\commons-logging\1.2\commons-logging-1.2.jar;C:\Users\leonardo.padovani\.m2\repository\commons-codec\commons-codec\1.11\commons-codec-1.11.jar;C:\Users\leonardo.padovani\.m2\repository\org\apache\httpcomponents\httpmime\4.5.13\httpmime-4.5.13.jar;C:\Users\leonardo.padovani\.m2\repository\org\hamcrest\hamcrest\2.1\hamcrest-2.1.jar;C:\Users\leonardo.padovani\.m2\repository\org\ccil\cowan\tagsoup\tagsoup\1.2.1\tagsoup-1.2.1.jar;C:\Users\leonardo.padovani\.m2\repository\io\rest-assured\json-path\4.5.1\json-path-4.5.1.jar;C:\Users\leonardo.padovani\.m2\repository\org\codehaus\groovy\groovy-json\3.0.9\groovy-json-3.0.9.jar;C:\Users\leonardo.padovani\.m2\repository\io\rest-assured\rest-assured-common\4.5.1\rest-assured-common-4.5.1.jar;C:\Users\leonardo.padovani\.m2\repository\io\rest-assured\xml-path\4.5.1\xml-path-4.5.1.jar;C:\Users\leonardo.padovani\.m2\repository\org\apache\commons\commons-lang3\3.11\commons-lang3-3.11.jar;C:\Users\leonardo.padovani\.m2\repository\io\rest-assured\json-schema-validator\4.5.1\json-schema-validator-4.5.1.jar;C:\Users\leonardo.padovani\.m2\repository\com\github\java-json-tools\json-schema-validator\2.2.14\json-schema-validator-2.2.14.jar;C:\Users\leonardo.padovani\.m2\repository\com\google\guava\guava\28.2-android\guava-28.2-android.jar;C:\Users\leonardo.padovani\.m2\repository\com\google\guava\failureaccess\1.0.1\failureaccess-1.0.1.jar;C:\Users\leonardo.padovani\.m2\repository\com\google\guava\listenablefuture\9999.0-empty-to-avoid-conflict-with-guava\listenablefuture-9999.0-empty-to-avoid-conflict-with-guava.jar;C:\Users\leonardo.padovani\.m2\repository\org\checkerframework\checker-compat-qual\2.5.5\checker-compat-qual-2.5.5.jar;C:\Users\leonardo.padovani\.m2\repository\com\google\errorprone\error_prone_annotations\2.3.4\error_prone_annotations-2.3.4.jar;C:\Users\leonardo.padovani\.m2\repository\com\google\j2objc\j2objc-annotations\1.3\j2objc-annotations-1.3.jar;C:\Users\leonardo.padovani\.m2\repository\com\github\java-json-tools\jackson-coreutils-equivalence\1.0\jackson-coreutils-equivalence-1.0.jar;C:\Users\leonardo.padovani\.m2\repository\com\github\java-json-tools\jackson-coreutils\2.0\jackson-coreutils-2.0.jar;C:\Users\leonardo.padovani\.m2\repository\com\github\java-json-tools\msg-simple\1.2\msg-simple-1.2.jar;C:\Users\leonardo.padovani\.m2\repository\com\github\java-json-tools\btf\1.3\btf-1.3.jar;C:\Users\leonardo.padovani\.m2\repository\com\github\java-json-tools\json-schema-core\1.2.14\json-schema-core-1.2.14.jar;C:\Users\leonardo.padovani\.m2\repository\com\github\java-json-tools\uri-template\0.10\uri-template-0.10.jar;C:\Users\leonardo.padovani\.m2\repository\org\mozilla\rhino\1.7.7.2\rhino-1.7.7.2.jar;C:\Users\leonardo.padovani\.m2\repository\com\sun\mail\mailapi\1.6.2\mailapi-1.6.2.jar;C:\Users\leonardo.padovani\.m2\repository\joda-time\joda-time\2.10.5\joda-time-2.10.5.jar;C:\Users\leonardo.padovani\.m2\repository\com\googlecode\libphonenumber\libphonenumber\8.11.1\libphonenumber-8.11.1.jar;C:\Users\leonardo.padovani\.m2\repository\com\google\code\findbugs\jsr305\3.0.2\jsr305-3.0.2.jar;C:\Users\leonardo.padovani\.m2\repository\net\sf\jopt-simple\jopt-simple\5.0.4\jopt-simple-5.0.4.jar;C:\Users\leonardo.padovani\.m2\repository\com\fasterxml\jackson\core\jackson-databind\2.13.4.1\jackson-databind-2.13.4.1.jar;C:\Users\leonardo.padovani\.m2\repository\com\fasterxml\jackson\core\jackson-annotations\2.13.4\jackson-annotations-2.13.4.jar;C:\Users\leonardo.padovani\.m2\repository\com\fasterxml\jackson\core\jackson-core\2.13.4\jackson-core-2.13.4.jar;C:\Users\leonardo.padovani\.m2\repository\com\google\code\gson\gson\2.9.0\gson-2.9.0.jar;C:\Users\leonardo.padovani\.m2\repository\org\aeonbits\owner\owner\1.0.12\owner-1.0.12.jar;C:\Users\leonardo.padovani\.m2\repository\io\cucumber\cucumber-java\7.9.0\cucumber-java-7.9.0.jar;C:\Users\leonardo.padovani\.m2\repository\io\cucumber\cucumber-core\7.9.0\cucumber-core-7.9.0.jar;C:\Users\leonardo.padovani\.m2\repository\io\cucumber\cucumber-gherkin\7.9.0\cucumber-gherkin-7.9.0.jar;C:\Users\leonardo.padovani\.m2\repository\io\cucumber\cucumber-gherkin-messages\7.9.0\cucumber-gherkin-messages-7.9.0.jar;C:\Users\leonardo.padovani\.m2\repository\io\cucumber\gherkin\24.1.0\gherkin-24.1.0.jar;C:\Users\leonardo.padovani\.m2\repository\io\cucumber\messages\19.1.4\messages-19.1.4.jar;C:\Users\leonardo.padovani\.m2\repository\io\cucumber\tag-expressions\4.1.0\tag-expressions-4.1.0.jar;C:\Users\leonardo.padovani\.m2\repository\io\cucumber\cucumber-expressions\16.0.0\cucumber-expressions-16.0.0.jar;C:\Users\leonardo.padovani\.m2\repository\io\cucumber\datatable\7.9.0\datatable-7.9.0.jar;C:\Users\leonardo.padovani\.m2\repository\io\cucumber\cucumber-plugin\7.9.0\cucumber-plugin-7.9.0.jar;C:\Users\leonardo.padovani\.m2\repository\io\cucumber\docstring\7.9.0\docstring-7.9.0.jar;C:\Users\leonardo.padovani\.m2\repository\io\cucumber\html-formatter\20.1.0\html-formatter-20.1.0.jar;C:\Users\leonardo.padovani\.m2\repository\io\cucumber\ci-environment\9.1.0\ci-environment-9.1.0.jar;C:\Users\leonardo.padovani\.m2\repository\org\apiguardian\apiguardian-api\1.1.2\apiguardian-api-1.1.2.jar;C:\Users\leonardo.padovani\.m2\repository\io\cucumber\cucumber-junit\7.9.0\cucumber-junit-7.9.0.jar;C:\Users\leonardo.padovani\.m2\repository\io\qameta\allure\allure-cucumber-jvm\2.20.1\allure-cucumber-jvm-2.20.1.jar;C:\Users\leonardo.padovani\.m2\repository\io\qameta\allure\allure-java-commons\2.20.1\allure-java-commons-2.20.1.jar;C:\Users\leonardo.padovani\.m2\repository\org\slf4j\slf4j-api\1.7.36\slf4j-api-1.7.36.jar;C:\Users\leonardo.padovani\.m2\repository\io\qameta\allure\allure-model\2.20.1\allure-model-2.20.1.jar;C:\Users\leonardo.padovani\.m2\repository\info\cukes\gherkin\2.12.2\gherkin-2.12.2.jar;"/>
    <property name="sun.cpu.endian" value="little"/>
    <property name="user.home" value="C:\Users\leonardo.padovani"/>
    <property name="user.language" value="pt"/>
    <property name="java.specification.vendor" value="Oracle Corporation"/>
    <property name="java.version.date" value="2022-04-22"/>
    <property name="java.home" value="C:\Program Files\Java\jdk-17.0.3.1"/>
    <property name="file.separator" value="\"/>
    <property name="basedir" value="C:\Cursos\Java\APISeuBarriga"/>
    <property name="java.vm.compressedOopsMode" value="32-bit"/>
    <property name="line.separator" value="&#10;"/>
    <property name="java.vm.specification.vendor" value="Oracle Corporation"/>
    <property name="java.specification.name" value="Java Platform API Specification"/>
    <property name="surefire.real.class.path" value="C:\Users\LEONAR~1.PAD\AppData\Local\Temp\surefire4277213183782745344\surefirebooter9871247458931710231.jar"/>
    <property name="user.script" value=""/>
    <property name="sun.management.compiler" value="HotSpot 64-Bit Tiered Compilers"/>
    <property name="java.runtime.version" value="17.0.3.1+2-LTS-6"/>
    <property name="user.name" value="leonardo.padovani"/>
    <property name="path.separator" value=";"/>
    <property name="os.version" value="10.0"/>
    <property name="java.runtime.name" value="Java(TM) SE Runtime Environment"/>
    <property name="file.encoding" value="Cp1252"/>
    <property name="java.vm.name" value="Java HotSpot(TM) 64-Bit Server VM"/>
    <property name="localRepository" value="C:\Users\leonardo.padovani\.m2\repository"/>
    <property name="java.vendor.url.bug" value="https://bugreport.java.com/bugreport/"/>
    <property name="java.io.tmpdir" value="C:\Users\LEONAR~1.PAD\AppData\Local\Temp\"/>
    <property name="java.version" value="17.0.3.1"/>
    <property name="user.dir" value="C:\Cursos\Java\APISeuBarriga"/>
    <property name="os.arch" value="amd64"/>
    <property name="java.vm.specification.name" value="Java Virtual Machine Specification"/>
    <property name="sun.os.patch.level" value=""/>
    <property name="native.encoding" value="Cp1252"/>
    <property name="java.library.path" value="C:\Program Files\Java\jdk-17.0.3.1\bin;C:\Windows\Sun\Java\bin;C:\Windows\system32;C:\Windows;C:\Program Files\Common Files\Oracle\Java\javapath;C:\Windows\system32;C:\Windows;C:\Windows\System32\Wbem;C:\Windows\System32\WindowsPowerShell\v1.0\;C:\Windows\System32\OpenSSH\;C:\Program Files\nodejs\;C:\Users\leonardo.padovani\AppData\Local\Android\Sdk\tools;C:\Users\leonardo.padovani\AppData\Local\Android\Sdk\tools\lib;C:\Users\leonardo.padovani\AppData\Local\Android\Sdk\tools\bin;C:\Users\leonardo.padovani\AppData\Local\Android\Sdk\platform-tools;C:\Program Files\Java\jdk-17.0.3.1\bin;C:\Program Files\dotnet\;%MAVEN_HOME\bin;C:\Users\leonardo.padovani\apps\kube;C:\Program Files\Kubernetes\Minikube;C:\Program Files\Docker\Docker\resources\bin;C:\ProgramData\DockerDesktop\version-bin;C:\Tools\webdrivers;C:\Program Files\Git\cmd;C:\Program Files\TortoiseGit\bin;C:\Program Files\Java\apache-maven-3.8.6-bin\apache-maven-3.8.6\bin;%ALLURE%;C:\Users\leonardo.padovani\AppData\Local\Programs\Python\Python310\Scripts\;C:\Users\leonardo.padovani\AppData\Local\Programs\Python\Python310\;C:\Ruby27-x64\bin;C:\Users\leonardo.padovani\AppData\Local\Microsoft\WindowsApps;C:\Users\leonardo.padovani\AppData\Roaming\npm;C:\Users\leonardo.padovani\AppData\Local\Programs\Microsoft VS Code\bin;C:\Program Files\JetBrains\IntelliJ IDEA Community Edition 2022.1.1\bin;;."/>
    <property name="java.vm.info" value="mixed mode, sharing"/>
    <property name="java.vendor" value="Oracle Corporation"/>
    <property name="java.vm.version" value="17.0.3.1+2-LTS-6"/>
    <property name="sun.io.unicode.encoding" value="UnicodeLittle"/>
    <property name="java.class.version" value="61.0"/>
  </properties>
  <testcase name="POST - Logar com dois usuários válidos #1" classname="POST - Rota Signin" time="2.799"/>
  <testcase name="POST - Logar com dois usuários válidos #2" classname="POST - Rota Signin" time="1.455"/>
  <testcase name="POST - Logar com dois usuários inválidos: um sem email e o outro sem senha #1" classname="POST - Rota Signin" time="1.217"/>
  <testcase name="POST - Logar com dois usuários inválidos: um sem email e o outro sem senha #2" classname="POST - Rota Signin" time="1.154"/>
</testsuite>